

Terminals which are not used:

   EXP
   SEMICOLON
   ERROR



Grammar
rule 1    inicio -> stmt_seq
rule 2    stmt_seq -> stmt_global stmt_seq
rule 3    stmt_seq -> stmt_global
rule 4    stmt_seq -> declaracao_funcao_principal lb FINISH
rule 5    stmt_global -> declaracao_global lb
rule 6    stmt_global -> declaracao_funcao lb
rule 7    stmt_global -> error
rule 8    stmt -> stmt declaracao lb
rule 9    stmt -> stmt chamada_funcao lb
rule 10   stmt -> stmt atribuicao lb
rule 11   stmt -> stmt lei_esc lb
rule 12   stmt -> stmt condicao lb
rule 13   stmt -> stmt repeticao lb
rule 14   stmt -> stmt retorno
rule 15   stmt -> declaracao lb
rule 16   stmt -> chamada_funcao lb
rule 17   stmt -> atribuicao lb
rule 18   stmt -> lei_esc lb
rule 19   stmt -> condicao lb
rule 20   stmt -> repeticao lb
rule 21   stmt -> retorno
rule 22   stmt -> error
rule 23   atribuicao -> id ASSIGN expressao_simples
rule 24   id -> ID
rule 25   expressao -> expressao_simples op_condicional expressao_simples
rule 26   expressao -> expressao_simples
rule 27   expressao_simples -> expressao_simples PLUS termo
rule 28   expressao_simples -> expressao_simples MINUS termo
rule 29   expressao_simples -> termo
rule 30   termo -> termo TIMES fator
rule 31   termo -> termo OVER fator
rule 32   termo -> fator
rule 33   fator -> LPARENT expressao_simples RPARENT
rule 34   fator -> valor
rule 35   fator -> id
rule 36   fator -> chamada_funcao
rule 37   declaracao -> tipo lista_declaracao
rule 38   lista_declaracao -> atribuicao COMMA lista_declaracao
rule 39   lista_declaracao -> atribuicao
rule 40   lista_declaracao -> id COMMA lista_declaracao
rule 41   lista_declaracao -> id
rule 42   declaracao_global -> tipo lista_declaracao_global
rule 43   lista_declaracao_global -> id COMMA lista_declaracao_global
rule 44   lista_declaracao_global -> id
rule 45   condicao -> IF expressao THEN lb stmt END
rule 46   condicao -> IF expressao THEN lb stmt ELSE lb stmt END
rule 47   op_condicional -> EQUAL
rule 48   op_condicional -> LT
rule 49   op_condicional -> LT_EQUAL
rule 50   op_condicional -> RT
rule 51   op_condicional -> RT_EQUAL
rule 52   repeticao -> REPEAT lb stmt UNTIL expressao
rule 53   declaracao_funcao -> tipo id LPARENT lista_parametros_dec_func RPARENT lb stmt END
rule 54   declaracao_funcao -> tipo id LPARENT lista_parametros_dec_func RPARENT lb END
rule 55   declaracao_funcao -> tipo id LPARENT RPARENT lb stmt END
rule 56   declaracao_funcao -> tipo id LPARENT RPARENT lb END
rule 57   declaracao_funcao_principal -> tipo MAIN LPARENT RPARENT lb stmt END
rule 58   retorno -> RETURN expressao_simples lb
rule 59   lista_parametros_dec_func -> tipo id COMMA lista_parametros_dec_func
rule 60   lista_parametros_dec_func -> tipo id
rule 61   chamada_funcao -> id LPARENT lista_parametros_cham_func RPARENT
rule 62   chamada_funcao -> id LPARENT RPARENT
rule 63   lista_parametros_cham_func -> expressao_simples COMMA lista_parametros_cham_func
rule 64   lista_parametros_cham_func -> expressao_simples
rule 65   tipo -> INT
rule 66   tipo -> FLOAT
rule 67   tipo -> VOID
rule 68   lb -> LINE_BREAK
rule 69   valor -> INTEGER
rule 70   valor -> DOUBLE
rule 71   lei_esc -> READ lista_lei_esc
rule 72   lei_esc -> WRITE lista_lei_esc
rule 73   lista_lei_esc -> id COMMA lista_lei_esc
rule 74   lista_lei_esc -> id

Terminals, with rules where they appear

$ (-1)
error (256) 7 22
MAIN (258) 57
DOUBLE (259) 70
INTEGER (260) 69
ID (261) 24
IF (262) 45 46
THEN (263) 45 46
ELSE (264) 46
END (265) 45 46 53 54 55 56 57
REPEAT (266) 52
FLOAT (267) 66
VOID (268) 67
UNTIL (269) 52
READ (270) 71
WRITE (271) 72
RETURN (272) 58
INT (273) 65
EXP (274)
PLUS (275) 27
MINUS (276) 28
TIMES (277) 30
OVER (278) 31
EQUAL (279) 47
COMMA (280) 38 40 43 59 63 73
LT (281) 48
LT_EQUAL (282) 49
RT (283) 50
RT_EQUAL (284) 51
LPARENT (285) 33 53 54 55 56 57 61 62
RPARENT (286) 33 53 54 55 56 57 61 62
SEMICOLON (287)
ASSIGN (288) 23
LINE_BREAK (289) 68
ERROR (290)
FINISH (291) 4

Nonterminals, with rules where they appear

inicio (37)
    on left: 1
stmt_seq (38)
    on left: 2 3 4, on right: 1 2
stmt_global (39)
    on left: 5 6 7, on right: 2 3
stmt (40)
    on left: 8 9 10 11 12 13 14 15 16 17 18 19 20 21 22,
    on right: 8 9 10 11 12 13 14 45 46 52 53 55 57
atribuicao (41)
    on left: 23, on right: 10 17 38 39
id (42)
    on left: 24, on right: 23 35 40 41 43 44 53 54 55 56 59 60 61 62
    73 74
expressao (43)
    on left: 25 26, on right: 45 46 52
expressao_simples (44)
    on left: 27 28 29, on right: 23 25 26 27 28 33 58 63 64
termo (45)
    on left: 30 31 32, on right: 27 28 29 30 31
fator (46)
    on left: 33 34 35 36, on right: 30 31 32
declaracao (47)
    on left: 37, on right: 8 15
lista_declaracao (48)
    on left: 38 39 40 41, on right: 37 38 40
declaracao_global (49)
    on left: 42, on right: 5
lista_declaracao_global (50)
    on left: 43 44, on right: 42 43
condicao (51)
    on left: 45 46, on right: 12 19
op_condicional (52)
    on left: 47 48 49 50 51, on right: 25
repeticao (53)
    on left: 52, on right: 13 20
declaracao_funcao (54)
    on left: 53 54 55 56, on right: 6
declaracao_funcao_principal (55)
    on left: 57, on right: 4
retorno (56)
    on left: 58, on right: 14 21
lista_parametros_dec_func (57)
    on left: 59 60, on right: 53 54 59
chamada_funcao (58)
    on left: 61 62, on right: 9 16 36
lista_parametros_cham_func (59)
    on left: 63 64, on right: 61 63
tipo (60)
    on left: 65 66 67, on right: 37 42 53 54 55 56 57 59 60
lb (61)
    on left: 68, on right: 4 5 6 8 9 10 11 12 13 15 16 17 18 19 20
    45 46 52 53 54 55 56 57 58
valor (62)
    on left: 69 70, on right: 34
lei_esc (63)
    on left: 71 72, on right: 11 18
lista_lei_esc (64)
    on left: 73 74, on right: 71 72 73


state 0

    error	shift, and go to state 1
    FLOAT	shift, and go to state 2
    VOID	shift, and go to state 3
    INT 	shift, and go to state 4

    inicio	go to state 141
    stmt_seq	go to state 5
    stmt_global	go to state 6
    declaracao_global	go to state 7
    declaracao_funcao	go to state 8
    declaracao_funcao_principal	go to state 9
    tipo	go to state 10



state 1

    stmt_global  ->  error .   (rule 7)

    $default	reduce using rule 7 (stmt_global)



state 2

    tipo  ->  FLOAT .   (rule 66)

    $default	reduce using rule 66 (tipo)



state 3

    tipo  ->  VOID .   (rule 67)

    $default	reduce using rule 67 (tipo)



state 4

    tipo  ->  INT .   (rule 65)

    $default	reduce using rule 65 (tipo)



state 5

    inicio  ->  stmt_seq .   (rule 1)

    $default	reduce using rule 1 (inicio)



state 6

    stmt_seq  ->  stmt_global . stmt_seq   (rule 2)
    stmt_seq  ->  stmt_global .   (rule 3)

    error	shift, and go to state 1
    FLOAT	shift, and go to state 2
    VOID	shift, and go to state 3
    INT 	shift, and go to state 4

    $   	reduce using rule 3 (stmt_seq)
    SEMICOLON	reduce using rule 3 (stmt_seq)

    stmt_seq	go to state 11
    stmt_global	go to state 6
    declaracao_global	go to state 7
    declaracao_funcao	go to state 8
    declaracao_funcao_principal	go to state 9
    tipo	go to state 10



state 7

    stmt_global  ->  declaracao_global . lb   (rule 5)

    LINE_BREAK	shift, and go to state 12

    lb  	go to state 13



state 8

    stmt_global  ->  declaracao_funcao . lb   (rule 6)

    LINE_BREAK	shift, and go to state 12

    lb  	go to state 14



state 9

    stmt_seq  ->  declaracao_funcao_principal . lb FINISH   (rule 4)

    LINE_BREAK	shift, and go to state 12

    lb  	go to state 15



state 10

    declaracao_global  ->  tipo . lista_declaracao_global   (rule 42)
    declaracao_funcao  ->  tipo . id LPARENT lista_parametros_dec_func RPARENT lb stmt END   (rule 53)
    declaracao_funcao  ->  tipo . id LPARENT lista_parametros_dec_func RPARENT lb END   (rule 54)
    declaracao_funcao  ->  tipo . id LPARENT RPARENT lb stmt END   (rule 55)
    declaracao_funcao  ->  tipo . id LPARENT RPARENT lb END   (rule 56)
    declaracao_funcao_principal  ->  tipo . MAIN LPARENT RPARENT lb stmt END   (rule 57)

    MAIN	shift, and go to state 16
    ID  	shift, and go to state 17

    id  	go to state 18
    lista_declaracao_global	go to state 19



state 11

    stmt_seq  ->  stmt_global stmt_seq .   (rule 2)

    $default	reduce using rule 2 (stmt_seq)



state 12

    lb  ->  LINE_BREAK .   (rule 68)

    $default	reduce using rule 68 (lb)



state 13

    stmt_global  ->  declaracao_global lb .   (rule 5)

    $default	reduce using rule 5 (stmt_global)



state 14

    stmt_global  ->  declaracao_funcao lb .   (rule 6)

    $default	reduce using rule 6 (stmt_global)



state 15

    stmt_seq  ->  declaracao_funcao_principal lb . FINISH   (rule 4)

    FINISH	shift, and go to state 20



state 16

    declaracao_funcao_principal  ->  tipo MAIN . LPARENT RPARENT lb stmt END   (rule 57)

    LPARENT	shift, and go to state 21



state 17

    id  ->  ID .   (rule 24)

    $default	reduce using rule 24 (id)



state 18

    lista_declaracao_global  ->  id . COMMA lista_declaracao_global   (rule 43)
    lista_declaracao_global  ->  id .   (rule 44)
    declaracao_funcao  ->  tipo id . LPARENT lista_parametros_dec_func RPARENT lb stmt END   (rule 53)
    declaracao_funcao  ->  tipo id . LPARENT lista_parametros_dec_func RPARENT lb END   (rule 54)
    declaracao_funcao  ->  tipo id . LPARENT RPARENT lb stmt END   (rule 55)
    declaracao_funcao  ->  tipo id . LPARENT RPARENT lb END   (rule 56)

    COMMA	shift, and go to state 22
    LPARENT	shift, and go to state 23

    $default	reduce using rule 44 (lista_declaracao_global)



state 19

    declaracao_global  ->  tipo lista_declaracao_global .   (rule 42)

    $default	reduce using rule 42 (declaracao_global)



state 20

    stmt_seq  ->  declaracao_funcao_principal lb FINISH .   (rule 4)

    $default	reduce using rule 4 (stmt_seq)



state 21

    declaracao_funcao_principal  ->  tipo MAIN LPARENT . RPARENT lb stmt END   (rule 57)

    RPARENT	shift, and go to state 24



state 22

    lista_declaracao_global  ->  id COMMA . lista_declaracao_global   (rule 43)

    ID  	shift, and go to state 17

    id  	go to state 25
    lista_declaracao_global	go to state 26



state 23

    declaracao_funcao  ->  tipo id LPARENT . lista_parametros_dec_func RPARENT lb stmt END   (rule 53)
    declaracao_funcao  ->  tipo id LPARENT . lista_parametros_dec_func RPARENT lb END   (rule 54)
    declaracao_funcao  ->  tipo id LPARENT . RPARENT lb stmt END   (rule 55)
    declaracao_funcao  ->  tipo id LPARENT . RPARENT lb END   (rule 56)

    FLOAT	shift, and go to state 2
    VOID	shift, and go to state 3
    INT 	shift, and go to state 4
    RPARENT	shift, and go to state 27

    lista_parametros_dec_func	go to state 28
    tipo	go to state 29



state 24

    declaracao_funcao_principal  ->  tipo MAIN LPARENT RPARENT . lb stmt END   (rule 57)

    LINE_BREAK	shift, and go to state 12

    lb  	go to state 30



state 25

    lista_declaracao_global  ->  id . COMMA lista_declaracao_global   (rule 43)
    lista_declaracao_global  ->  id .   (rule 44)

    COMMA	shift, and go to state 22

    $default	reduce using rule 44 (lista_declaracao_global)



state 26

    lista_declaracao_global  ->  id COMMA lista_declaracao_global .   (rule 43)

    $default	reduce using rule 43 (lista_declaracao_global)



state 27

    declaracao_funcao  ->  tipo id LPARENT RPARENT . lb stmt END   (rule 55)
    declaracao_funcao  ->  tipo id LPARENT RPARENT . lb END   (rule 56)

    LINE_BREAK	shift, and go to state 12

    lb  	go to state 31



state 28

    declaracao_funcao  ->  tipo id LPARENT lista_parametros_dec_func . RPARENT lb stmt END   (rule 53)
    declaracao_funcao  ->  tipo id LPARENT lista_parametros_dec_func . RPARENT lb END   (rule 54)

    RPARENT	shift, and go to state 32



state 29

    lista_parametros_dec_func  ->  tipo . id COMMA lista_parametros_dec_func   (rule 59)
    lista_parametros_dec_func  ->  tipo . id   (rule 60)

    ID  	shift, and go to state 17

    id  	go to state 33



state 30

    declaracao_funcao_principal  ->  tipo MAIN LPARENT RPARENT lb . stmt END   (rule 57)

    error	shift, and go to state 34
    ID  	shift, and go to state 17
    IF  	shift, and go to state 35
    REPEAT	shift, and go to state 36
    FLOAT	shift, and go to state 2
    VOID	shift, and go to state 3
    READ	shift, and go to state 37
    WRITE	shift, and go to state 38
    RETURN	shift, and go to state 39
    INT 	shift, and go to state 4

    stmt	go to state 40
    atribuicao	go to state 41
    id  	go to state 42
    declaracao	go to state 43
    condicao	go to state 44
    repeticao	go to state 45
    retorno	go to state 46
    chamada_funcao	go to state 47
    tipo	go to state 48
    lei_esc	go to state 49



state 31

    declaracao_funcao  ->  tipo id LPARENT RPARENT lb . stmt END   (rule 55)
    declaracao_funcao  ->  tipo id LPARENT RPARENT lb . END   (rule 56)

    error	shift, and go to state 34
    ID  	shift, and go to state 17
    IF  	shift, and go to state 35
    END 	shift, and go to state 50
    REPEAT	shift, and go to state 36
    FLOAT	shift, and go to state 2
    VOID	shift, and go to state 3
    READ	shift, and go to state 37
    WRITE	shift, and go to state 38
    RETURN	shift, and go to state 39
    INT 	shift, and go to state 4

    stmt	go to state 51
    atribuicao	go to state 41
    id  	go to state 42
    declaracao	go to state 43
    condicao	go to state 44
    repeticao	go to state 45
    retorno	go to state 46
    chamada_funcao	go to state 47
    tipo	go to state 48
    lei_esc	go to state 49



state 32

    declaracao_funcao  ->  tipo id LPARENT lista_parametros_dec_func RPARENT . lb stmt END   (rule 53)
    declaracao_funcao  ->  tipo id LPARENT lista_parametros_dec_func RPARENT . lb END   (rule 54)

    LINE_BREAK	shift, and go to state 12

    lb  	go to state 52



state 33

    lista_parametros_dec_func  ->  tipo id . COMMA lista_parametros_dec_func   (rule 59)
    lista_parametros_dec_func  ->  tipo id .   (rule 60)

    COMMA	shift, and go to state 53

    $default	reduce using rule 60 (lista_parametros_dec_func)



state 34

    stmt  ->  error .   (rule 22)

    $default	reduce using rule 22 (stmt)



state 35

    condicao  ->  IF . expressao THEN lb stmt END   (rule 45)
    condicao  ->  IF . expressao THEN lb stmt ELSE lb stmt END   (rule 46)

    DOUBLE	shift, and go to state 54
    INTEGER	shift, and go to state 55
    ID  	shift, and go to state 17
    LPARENT	shift, and go to state 56

    id  	go to state 57
    expressao	go to state 58
    expressao_simples	go to state 59
    termo	go to state 60
    fator	go to state 61
    chamada_funcao	go to state 62
    valor	go to state 63



state 36

    repeticao  ->  REPEAT . lb stmt UNTIL expressao   (rule 52)

    LINE_BREAK	shift, and go to state 12

    lb  	go to state 64



state 37

    lei_esc  ->  READ . lista_lei_esc   (rule 71)

    ID  	shift, and go to state 17

    id  	go to state 65
    lista_lei_esc	go to state 66



state 38

    lei_esc  ->  WRITE . lista_lei_esc   (rule 72)

    ID  	shift, and go to state 17

    id  	go to state 65
    lista_lei_esc	go to state 67



state 39

    retorno  ->  RETURN . expressao_simples lb   (rule 58)

    DOUBLE	shift, and go to state 54
    INTEGER	shift, and go to state 55
    ID  	shift, and go to state 17
    LPARENT	shift, and go to state 56

    id  	go to state 57
    expressao_simples	go to state 68
    termo	go to state 60
    fator	go to state 61
    chamada_funcao	go to state 62
    valor	go to state 63



state 40

    stmt  ->  stmt . declaracao lb   (rule 8)
    stmt  ->  stmt . chamada_funcao lb   (rule 9)
    stmt  ->  stmt . atribuicao lb   (rule 10)
    stmt  ->  stmt . lei_esc lb   (rule 11)
    stmt  ->  stmt . condicao lb   (rule 12)
    stmt  ->  stmt . repeticao lb   (rule 13)
    stmt  ->  stmt . retorno   (rule 14)
    declaracao_funcao_principal  ->  tipo MAIN LPARENT RPARENT lb stmt . END   (rule 57)

    ID  	shift, and go to state 17
    IF  	shift, and go to state 35
    END 	shift, and go to state 69
    REPEAT	shift, and go to state 36
    FLOAT	shift, and go to state 2
    VOID	shift, and go to state 3
    READ	shift, and go to state 37
    WRITE	shift, and go to state 38
    RETURN	shift, and go to state 39
    INT 	shift, and go to state 4

    atribuicao	go to state 70
    id  	go to state 42
    declaracao	go to state 71
    condicao	go to state 72
    repeticao	go to state 73
    retorno	go to state 74
    chamada_funcao	go to state 75
    tipo	go to state 48
    lei_esc	go to state 76



state 41

    stmt  ->  atribuicao . lb   (rule 17)

    LINE_BREAK	shift, and go to state 12

    lb  	go to state 77



state 42

    atribuicao  ->  id . ASSIGN expressao_simples   (rule 23)
    chamada_funcao  ->  id . LPARENT lista_parametros_cham_func RPARENT   (rule 61)
    chamada_funcao  ->  id . LPARENT RPARENT   (rule 62)

    LPARENT	shift, and go to state 78
    ASSIGN	shift, and go to state 79



state 43

    stmt  ->  declaracao . lb   (rule 15)

    LINE_BREAK	shift, and go to state 12

    lb  	go to state 80



state 44

    stmt  ->  condicao . lb   (rule 19)

    LINE_BREAK	shift, and go to state 12

    lb  	go to state 81



state 45

    stmt  ->  repeticao . lb   (rule 20)

    LINE_BREAK	shift, and go to state 12

    lb  	go to state 82



state 46

    stmt  ->  retorno .   (rule 21)

    $default	reduce using rule 21 (stmt)



state 47

    stmt  ->  chamada_funcao . lb   (rule 16)

    LINE_BREAK	shift, and go to state 12

    lb  	go to state 83



state 48

    declaracao  ->  tipo . lista_declaracao   (rule 37)

    ID  	shift, and go to state 17

    atribuicao	go to state 84
    id  	go to state 85
    lista_declaracao	go to state 86



state 49

    stmt  ->  lei_esc . lb   (rule 18)

    LINE_BREAK	shift, and go to state 12

    lb  	go to state 87



state 50

    declaracao_funcao  ->  tipo id LPARENT RPARENT lb END .   (rule 56)

    $default	reduce using rule 56 (declaracao_funcao)



state 51

    stmt  ->  stmt . declaracao lb   (rule 8)
    stmt  ->  stmt . chamada_funcao lb   (rule 9)
    stmt  ->  stmt . atribuicao lb   (rule 10)
    stmt  ->  stmt . lei_esc lb   (rule 11)
    stmt  ->  stmt . condicao lb   (rule 12)
    stmt  ->  stmt . repeticao lb   (rule 13)
    stmt  ->  stmt . retorno   (rule 14)
    declaracao_funcao  ->  tipo id LPARENT RPARENT lb stmt . END   (rule 55)

    ID  	shift, and go to state 17
    IF  	shift, and go to state 35
    END 	shift, and go to state 88
    REPEAT	shift, and go to state 36
    FLOAT	shift, and go to state 2
    VOID	shift, and go to state 3
    READ	shift, and go to state 37
    WRITE	shift, and go to state 38
    RETURN	shift, and go to state 39
    INT 	shift, and go to state 4

    atribuicao	go to state 70
    id  	go to state 42
    declaracao	go to state 71
    condicao	go to state 72
    repeticao	go to state 73
    retorno	go to state 74
    chamada_funcao	go to state 75
    tipo	go to state 48
    lei_esc	go to state 76



state 52

    declaracao_funcao  ->  tipo id LPARENT lista_parametros_dec_func RPARENT lb . stmt END   (rule 53)
    declaracao_funcao  ->  tipo id LPARENT lista_parametros_dec_func RPARENT lb . END   (rule 54)

    error	shift, and go to state 34
    ID  	shift, and go to state 17
    IF  	shift, and go to state 35
    END 	shift, and go to state 89
    REPEAT	shift, and go to state 36
    FLOAT	shift, and go to state 2
    VOID	shift, and go to state 3
    READ	shift, and go to state 37
    WRITE	shift, and go to state 38
    RETURN	shift, and go to state 39
    INT 	shift, and go to state 4

    stmt	go to state 90
    atribuicao	go to state 41
    id  	go to state 42
    declaracao	go to state 43
    condicao	go to state 44
    repeticao	go to state 45
    retorno	go to state 46
    chamada_funcao	go to state 47
    tipo	go to state 48
    lei_esc	go to state 49



state 53

    lista_parametros_dec_func  ->  tipo id COMMA . lista_parametros_dec_func   (rule 59)

    FLOAT	shift, and go to state 2
    VOID	shift, and go to state 3
    INT 	shift, and go to state 4

    lista_parametros_dec_func	go to state 91
    tipo	go to state 29



state 54

    valor  ->  DOUBLE .   (rule 70)

    $default	reduce using rule 70 (valor)



state 55

    valor  ->  INTEGER .   (rule 69)

    $default	reduce using rule 69 (valor)



state 56

    fator  ->  LPARENT . expressao_simples RPARENT   (rule 33)

    DOUBLE	shift, and go to state 54
    INTEGER	shift, and go to state 55
    ID  	shift, and go to state 17
    LPARENT	shift, and go to state 56

    id  	go to state 57
    expressao_simples	go to state 92
    termo	go to state 60
    fator	go to state 61
    chamada_funcao	go to state 62
    valor	go to state 63



state 57

    fator  ->  id .   (rule 35)
    chamada_funcao  ->  id . LPARENT lista_parametros_cham_func RPARENT   (rule 61)
    chamada_funcao  ->  id . LPARENT RPARENT   (rule 62)

    LPARENT	shift, and go to state 78

    $default	reduce using rule 35 (fator)



state 58

    condicao  ->  IF expressao . THEN lb stmt END   (rule 45)
    condicao  ->  IF expressao . THEN lb stmt ELSE lb stmt END   (rule 46)

    THEN	shift, and go to state 93



state 59

    expressao  ->  expressao_simples . op_condicional expressao_simples   (rule 25)
    expressao  ->  expressao_simples .   (rule 26)
    expressao_simples  ->  expressao_simples . PLUS termo   (rule 27)
    expressao_simples  ->  expressao_simples . MINUS termo   (rule 28)

    PLUS	shift, and go to state 94
    MINUS	shift, and go to state 95
    EQUAL	shift, and go to state 96
    LT  	shift, and go to state 97
    LT_EQUAL	shift, and go to state 98
    RT  	shift, and go to state 99
    RT_EQUAL	shift, and go to state 100

    $default	reduce using rule 26 (expressao)

    op_condicional	go to state 101



state 60

    expressao_simples  ->  termo .   (rule 29)
    termo  ->  termo . TIMES fator   (rule 30)
    termo  ->  termo . OVER fator   (rule 31)

    TIMES	shift, and go to state 102
    OVER	shift, and go to state 103

    $default	reduce using rule 29 (expressao_simples)



state 61

    termo  ->  fator .   (rule 32)

    $default	reduce using rule 32 (termo)



state 62

    fator  ->  chamada_funcao .   (rule 36)

    $default	reduce using rule 36 (fator)



state 63

    fator  ->  valor .   (rule 34)

    $default	reduce using rule 34 (fator)



state 64

    repeticao  ->  REPEAT lb . stmt UNTIL expressao   (rule 52)

    error	shift, and go to state 34
    ID  	shift, and go to state 17
    IF  	shift, and go to state 35
    REPEAT	shift, and go to state 36
    FLOAT	shift, and go to state 2
    VOID	shift, and go to state 3
    READ	shift, and go to state 37
    WRITE	shift, and go to state 38
    RETURN	shift, and go to state 39
    INT 	shift, and go to state 4

    stmt	go to state 104
    atribuicao	go to state 41
    id  	go to state 42
    declaracao	go to state 43
    condicao	go to state 44
    repeticao	go to state 45
    retorno	go to state 46
    chamada_funcao	go to state 47
    tipo	go to state 48
    lei_esc	go to state 49



state 65

    lista_lei_esc  ->  id . COMMA lista_lei_esc   (rule 73)
    lista_lei_esc  ->  id .   (rule 74)

    COMMA	shift, and go to state 105

    $default	reduce using rule 74 (lista_lei_esc)



state 66

    lei_esc  ->  READ lista_lei_esc .   (rule 71)

    $default	reduce using rule 71 (lei_esc)



state 67

    lei_esc  ->  WRITE lista_lei_esc .   (rule 72)

    $default	reduce using rule 72 (lei_esc)



state 68

    expressao_simples  ->  expressao_simples . PLUS termo   (rule 27)
    expressao_simples  ->  expressao_simples . MINUS termo   (rule 28)
    retorno  ->  RETURN expressao_simples . lb   (rule 58)

    PLUS	shift, and go to state 94
    MINUS	shift, and go to state 95
    LINE_BREAK	shift, and go to state 12

    lb  	go to state 106



state 69

    declaracao_funcao_principal  ->  tipo MAIN LPARENT RPARENT lb stmt END .   (rule 57)

    $default	reduce using rule 57 (declaracao_funcao_principal)



state 70

    stmt  ->  stmt atribuicao . lb   (rule 10)

    LINE_BREAK	shift, and go to state 12

    lb  	go to state 107



state 71

    stmt  ->  stmt declaracao . lb   (rule 8)

    LINE_BREAK	shift, and go to state 12

    lb  	go to state 108



state 72

    stmt  ->  stmt condicao . lb   (rule 12)

    LINE_BREAK	shift, and go to state 12

    lb  	go to state 109



state 73

    stmt  ->  stmt repeticao . lb   (rule 13)

    LINE_BREAK	shift, and go to state 12

    lb  	go to state 110



state 74

    stmt  ->  stmt retorno .   (rule 14)

    $default	reduce using rule 14 (stmt)



state 75

    stmt  ->  stmt chamada_funcao . lb   (rule 9)

    LINE_BREAK	shift, and go to state 12

    lb  	go to state 111



state 76

    stmt  ->  stmt lei_esc . lb   (rule 11)

    LINE_BREAK	shift, and go to state 12

    lb  	go to state 112



state 77

    stmt  ->  atribuicao lb .   (rule 17)

    $default	reduce using rule 17 (stmt)



state 78

    chamada_funcao  ->  id LPARENT . lista_parametros_cham_func RPARENT   (rule 61)
    chamada_funcao  ->  id LPARENT . RPARENT   (rule 62)

    DOUBLE	shift, and go to state 54
    INTEGER	shift, and go to state 55
    ID  	shift, and go to state 17
    LPARENT	shift, and go to state 56
    RPARENT	shift, and go to state 113

    id  	go to state 57
    expressao_simples	go to state 114
    termo	go to state 60
    fator	go to state 61
    chamada_funcao	go to state 62
    lista_parametros_cham_func	go to state 115
    valor	go to state 63



state 79

    atribuicao  ->  id ASSIGN . expressao_simples   (rule 23)

    DOUBLE	shift, and go to state 54
    INTEGER	shift, and go to state 55
    ID  	shift, and go to state 17
    LPARENT	shift, and go to state 56

    id  	go to state 57
    expressao_simples	go to state 116
    termo	go to state 60
    fator	go to state 61
    chamada_funcao	go to state 62
    valor	go to state 63



state 80

    stmt  ->  declaracao lb .   (rule 15)

    $default	reduce using rule 15 (stmt)



state 81

    stmt  ->  condicao lb .   (rule 19)

    $default	reduce using rule 19 (stmt)



state 82

    stmt  ->  repeticao lb .   (rule 20)

    $default	reduce using rule 20 (stmt)



state 83

    stmt  ->  chamada_funcao lb .   (rule 16)

    $default	reduce using rule 16 (stmt)



state 84

    lista_declaracao  ->  atribuicao . COMMA lista_declaracao   (rule 38)
    lista_declaracao  ->  atribuicao .   (rule 39)

    COMMA	shift, and go to state 117

    $default	reduce using rule 39 (lista_declaracao)



state 85

    atribuicao  ->  id . ASSIGN expressao_simples   (rule 23)
    lista_declaracao  ->  id . COMMA lista_declaracao   (rule 40)
    lista_declaracao  ->  id .   (rule 41)

    COMMA	shift, and go to state 118
    ASSIGN	shift, and go to state 79

    $default	reduce using rule 41 (lista_declaracao)



state 86

    declaracao  ->  tipo lista_declaracao .   (rule 37)

    $default	reduce using rule 37 (declaracao)



state 87

    stmt  ->  lei_esc lb .   (rule 18)

    $default	reduce using rule 18 (stmt)



state 88

    declaracao_funcao  ->  tipo id LPARENT RPARENT lb stmt END .   (rule 55)

    $default	reduce using rule 55 (declaracao_funcao)



state 89

    declaracao_funcao  ->  tipo id LPARENT lista_parametros_dec_func RPARENT lb END .   (rule 54)

    $default	reduce using rule 54 (declaracao_funcao)



state 90

    stmt  ->  stmt . declaracao lb   (rule 8)
    stmt  ->  stmt . chamada_funcao lb   (rule 9)
    stmt  ->  stmt . atribuicao lb   (rule 10)
    stmt  ->  stmt . lei_esc lb   (rule 11)
    stmt  ->  stmt . condicao lb   (rule 12)
    stmt  ->  stmt . repeticao lb   (rule 13)
    stmt  ->  stmt . retorno   (rule 14)
    declaracao_funcao  ->  tipo id LPARENT lista_parametros_dec_func RPARENT lb stmt . END   (rule 53)

    ID  	shift, and go to state 17
    IF  	shift, and go to state 35
    END 	shift, and go to state 119
    REPEAT	shift, and go to state 36
    FLOAT	shift, and go to state 2
    VOID	shift, and go to state 3
    READ	shift, and go to state 37
    WRITE	shift, and go to state 38
    RETURN	shift, and go to state 39
    INT 	shift, and go to state 4

    atribuicao	go to state 70
    id  	go to state 42
    declaracao	go to state 71
    condicao	go to state 72
    repeticao	go to state 73
    retorno	go to state 74
    chamada_funcao	go to state 75
    tipo	go to state 48
    lei_esc	go to state 76



state 91

    lista_parametros_dec_func  ->  tipo id COMMA lista_parametros_dec_func .   (rule 59)

    $default	reduce using rule 59 (lista_parametros_dec_func)



state 92

    expressao_simples  ->  expressao_simples . PLUS termo   (rule 27)
    expressao_simples  ->  expressao_simples . MINUS termo   (rule 28)
    fator  ->  LPARENT expressao_simples . RPARENT   (rule 33)

    PLUS	shift, and go to state 94
    MINUS	shift, and go to state 95
    RPARENT	shift, and go to state 120



state 93

    condicao  ->  IF expressao THEN . lb stmt END   (rule 45)
    condicao  ->  IF expressao THEN . lb stmt ELSE lb stmt END   (rule 46)

    LINE_BREAK	shift, and go to state 12

    lb  	go to state 121



state 94

    expressao_simples  ->  expressao_simples PLUS . termo   (rule 27)

    DOUBLE	shift, and go to state 54
    INTEGER	shift, and go to state 55
    ID  	shift, and go to state 17
    LPARENT	shift, and go to state 56

    id  	go to state 57
    termo	go to state 122
    fator	go to state 61
    chamada_funcao	go to state 62
    valor	go to state 63



state 95

    expressao_simples  ->  expressao_simples MINUS . termo   (rule 28)

    DOUBLE	shift, and go to state 54
    INTEGER	shift, and go to state 55
    ID  	shift, and go to state 17
    LPARENT	shift, and go to state 56

    id  	go to state 57
    termo	go to state 123
    fator	go to state 61
    chamada_funcao	go to state 62
    valor	go to state 63



state 96

    op_condicional  ->  EQUAL .   (rule 47)

    $default	reduce using rule 47 (op_condicional)



state 97

    op_condicional  ->  LT .   (rule 48)

    $default	reduce using rule 48 (op_condicional)



state 98

    op_condicional  ->  LT_EQUAL .   (rule 49)

    $default	reduce using rule 49 (op_condicional)



state 99

    op_condicional  ->  RT .   (rule 50)

    $default	reduce using rule 50 (op_condicional)



state 100

    op_condicional  ->  RT_EQUAL .   (rule 51)

    $default	reduce using rule 51 (op_condicional)



state 101

    expressao  ->  expressao_simples op_condicional . expressao_simples   (rule 25)

    DOUBLE	shift, and go to state 54
    INTEGER	shift, and go to state 55
    ID  	shift, and go to state 17
    LPARENT	shift, and go to state 56

    id  	go to state 57
    expressao_simples	go to state 124
    termo	go to state 60
    fator	go to state 61
    chamada_funcao	go to state 62
    valor	go to state 63



state 102

    termo  ->  termo TIMES . fator   (rule 30)

    DOUBLE	shift, and go to state 54
    INTEGER	shift, and go to state 55
    ID  	shift, and go to state 17
    LPARENT	shift, and go to state 56

    id  	go to state 57
    fator	go to state 125
    chamada_funcao	go to state 62
    valor	go to state 63



state 103

    termo  ->  termo OVER . fator   (rule 31)

    DOUBLE	shift, and go to state 54
    INTEGER	shift, and go to state 55
    ID  	shift, and go to state 17
    LPARENT	shift, and go to state 56

    id  	go to state 57
    fator	go to state 126
    chamada_funcao	go to state 62
    valor	go to state 63



state 104

    stmt  ->  stmt . declaracao lb   (rule 8)
    stmt  ->  stmt . chamada_funcao lb   (rule 9)
    stmt  ->  stmt . atribuicao lb   (rule 10)
    stmt  ->  stmt . lei_esc lb   (rule 11)
    stmt  ->  stmt . condicao lb   (rule 12)
    stmt  ->  stmt . repeticao lb   (rule 13)
    stmt  ->  stmt . retorno   (rule 14)
    repeticao  ->  REPEAT lb stmt . UNTIL expressao   (rule 52)

    ID  	shift, and go to state 17
    IF  	shift, and go to state 35
    REPEAT	shift, and go to state 36
    FLOAT	shift, and go to state 2
    VOID	shift, and go to state 3
    UNTIL	shift, and go to state 127
    READ	shift, and go to state 37
    WRITE	shift, and go to state 38
    RETURN	shift, and go to state 39
    INT 	shift, and go to state 4

    atribuicao	go to state 70
    id  	go to state 42
    declaracao	go to state 71
    condicao	go to state 72
    repeticao	go to state 73
    retorno	go to state 74
    chamada_funcao	go to state 75
    tipo	go to state 48
    lei_esc	go to state 76



state 105

    lista_lei_esc  ->  id COMMA . lista_lei_esc   (rule 73)

    ID  	shift, and go to state 17

    id  	go to state 65
    lista_lei_esc	go to state 128



state 106

    retorno  ->  RETURN expressao_simples lb .   (rule 58)

    $default	reduce using rule 58 (retorno)



state 107

    stmt  ->  stmt atribuicao lb .   (rule 10)

    $default	reduce using rule 10 (stmt)



state 108

    stmt  ->  stmt declaracao lb .   (rule 8)

    $default	reduce using rule 8 (stmt)



state 109

    stmt  ->  stmt condicao lb .   (rule 12)

    $default	reduce using rule 12 (stmt)



state 110

    stmt  ->  stmt repeticao lb .   (rule 13)

    $default	reduce using rule 13 (stmt)



state 111

    stmt  ->  stmt chamada_funcao lb .   (rule 9)

    $default	reduce using rule 9 (stmt)



state 112

    stmt  ->  stmt lei_esc lb .   (rule 11)

    $default	reduce using rule 11 (stmt)



state 113

    chamada_funcao  ->  id LPARENT RPARENT .   (rule 62)

    $default	reduce using rule 62 (chamada_funcao)



state 114

    expressao_simples  ->  expressao_simples . PLUS termo   (rule 27)
    expressao_simples  ->  expressao_simples . MINUS termo   (rule 28)
    lista_parametros_cham_func  ->  expressao_simples . COMMA lista_parametros_cham_func   (rule 63)
    lista_parametros_cham_func  ->  expressao_simples .   (rule 64)

    PLUS	shift, and go to state 94
    MINUS	shift, and go to state 95
    COMMA	shift, and go to state 129

    $default	reduce using rule 64 (lista_parametros_cham_func)



state 115

    chamada_funcao  ->  id LPARENT lista_parametros_cham_func . RPARENT   (rule 61)

    RPARENT	shift, and go to state 130



state 116

    atribuicao  ->  id ASSIGN expressao_simples .   (rule 23)
    expressao_simples  ->  expressao_simples . PLUS termo   (rule 27)
    expressao_simples  ->  expressao_simples . MINUS termo   (rule 28)

    PLUS	shift, and go to state 94
    MINUS	shift, and go to state 95

    $default	reduce using rule 23 (atribuicao)



state 117

    lista_declaracao  ->  atribuicao COMMA . lista_declaracao   (rule 38)

    ID  	shift, and go to state 17

    atribuicao	go to state 84
    id  	go to state 85
    lista_declaracao	go to state 131



state 118

    lista_declaracao  ->  id COMMA . lista_declaracao   (rule 40)

    ID  	shift, and go to state 17

    atribuicao	go to state 84
    id  	go to state 85
    lista_declaracao	go to state 132



state 119

    declaracao_funcao  ->  tipo id LPARENT lista_parametros_dec_func RPARENT lb stmt END .   (rule 53)

    $default	reduce using rule 53 (declaracao_funcao)



state 120

    fator  ->  LPARENT expressao_simples RPARENT .   (rule 33)

    $default	reduce using rule 33 (fator)



state 121

    condicao  ->  IF expressao THEN lb . stmt END   (rule 45)
    condicao  ->  IF expressao THEN lb . stmt ELSE lb stmt END   (rule 46)

    error	shift, and go to state 34
    ID  	shift, and go to state 17
    IF  	shift, and go to state 35
    REPEAT	shift, and go to state 36
    FLOAT	shift, and go to state 2
    VOID	shift, and go to state 3
    READ	shift, and go to state 37
    WRITE	shift, and go to state 38
    RETURN	shift, and go to state 39
    INT 	shift, and go to state 4

    stmt	go to state 133
    atribuicao	go to state 41
    id  	go to state 42
    declaracao	go to state 43
    condicao	go to state 44
    repeticao	go to state 45
    retorno	go to state 46
    chamada_funcao	go to state 47
    tipo	go to state 48
    lei_esc	go to state 49



state 122

    expressao_simples  ->  expressao_simples PLUS termo .   (rule 27)
    termo  ->  termo . TIMES fator   (rule 30)
    termo  ->  termo . OVER fator   (rule 31)

    TIMES	shift, and go to state 102
    OVER	shift, and go to state 103

    $default	reduce using rule 27 (expressao_simples)



state 123

    expressao_simples  ->  expressao_simples MINUS termo .   (rule 28)
    termo  ->  termo . TIMES fator   (rule 30)
    termo  ->  termo . OVER fator   (rule 31)

    TIMES	shift, and go to state 102
    OVER	shift, and go to state 103

    $default	reduce using rule 28 (expressao_simples)



state 124

    expressao  ->  expressao_simples op_condicional expressao_simples .   (rule 25)
    expressao_simples  ->  expressao_simples . PLUS termo   (rule 27)
    expressao_simples  ->  expressao_simples . MINUS termo   (rule 28)

    PLUS	shift, and go to state 94
    MINUS	shift, and go to state 95

    $default	reduce using rule 25 (expressao)



state 125

    termo  ->  termo TIMES fator .   (rule 30)

    $default	reduce using rule 30 (termo)



state 126

    termo  ->  termo OVER fator .   (rule 31)

    $default	reduce using rule 31 (termo)



state 127

    repeticao  ->  REPEAT lb stmt UNTIL . expressao   (rule 52)

    DOUBLE	shift, and go to state 54
    INTEGER	shift, and go to state 55
    ID  	shift, and go to state 17
    LPARENT	shift, and go to state 56

    id  	go to state 57
    expressao	go to state 134
    expressao_simples	go to state 59
    termo	go to state 60
    fator	go to state 61
    chamada_funcao	go to state 62
    valor	go to state 63



state 128

    lista_lei_esc  ->  id COMMA lista_lei_esc .   (rule 73)

    $default	reduce using rule 73 (lista_lei_esc)



state 129

    lista_parametros_cham_func  ->  expressao_simples COMMA . lista_parametros_cham_func   (rule 63)

    DOUBLE	shift, and go to state 54
    INTEGER	shift, and go to state 55
    ID  	shift, and go to state 17
    LPARENT	shift, and go to state 56

    id  	go to state 57
    expressao_simples	go to state 114
    termo	go to state 60
    fator	go to state 61
    chamada_funcao	go to state 62
    lista_parametros_cham_func	go to state 135
    valor	go to state 63



state 130

    chamada_funcao  ->  id LPARENT lista_parametros_cham_func RPARENT .   (rule 61)

    $default	reduce using rule 61 (chamada_funcao)



state 131

    lista_declaracao  ->  atribuicao COMMA lista_declaracao .   (rule 38)

    $default	reduce using rule 38 (lista_declaracao)



state 132

    lista_declaracao  ->  id COMMA lista_declaracao .   (rule 40)

    $default	reduce using rule 40 (lista_declaracao)



state 133

    stmt  ->  stmt . declaracao lb   (rule 8)
    stmt  ->  stmt . chamada_funcao lb   (rule 9)
    stmt  ->  stmt . atribuicao lb   (rule 10)
    stmt  ->  stmt . lei_esc lb   (rule 11)
    stmt  ->  stmt . condicao lb   (rule 12)
    stmt  ->  stmt . repeticao lb   (rule 13)
    stmt  ->  stmt . retorno   (rule 14)
    condicao  ->  IF expressao THEN lb stmt . END   (rule 45)
    condicao  ->  IF expressao THEN lb stmt . ELSE lb stmt END   (rule 46)

    ID  	shift, and go to state 17
    IF  	shift, and go to state 35
    ELSE	shift, and go to state 136
    END 	shift, and go to state 137
    REPEAT	shift, and go to state 36
    FLOAT	shift, and go to state 2
    VOID	shift, and go to state 3
    READ	shift, and go to state 37
    WRITE	shift, and go to state 38
    RETURN	shift, and go to state 39
    INT 	shift, and go to state 4

    atribuicao	go to state 70
    id  	go to state 42
    declaracao	go to state 71
    condicao	go to state 72
    repeticao	go to state 73
    retorno	go to state 74
    chamada_funcao	go to state 75
    tipo	go to state 48
    lei_esc	go to state 76



state 134

    repeticao  ->  REPEAT lb stmt UNTIL expressao .   (rule 52)

    $default	reduce using rule 52 (repeticao)



state 135

    lista_parametros_cham_func  ->  expressao_simples COMMA lista_parametros_cham_func .   (rule 63)

    $default	reduce using rule 63 (lista_parametros_cham_func)



state 136

    condicao  ->  IF expressao THEN lb stmt ELSE . lb stmt END   (rule 46)

    LINE_BREAK	shift, and go to state 12

    lb  	go to state 138



state 137

    condicao  ->  IF expressao THEN lb stmt END .   (rule 45)

    $default	reduce using rule 45 (condicao)



state 138

    condicao  ->  IF expressao THEN lb stmt ELSE lb . stmt END   (rule 46)

    error	shift, and go to state 34
    ID  	shift, and go to state 17
    IF  	shift, and go to state 35
    REPEAT	shift, and go to state 36
    FLOAT	shift, and go to state 2
    VOID	shift, and go to state 3
    READ	shift, and go to state 37
    WRITE	shift, and go to state 38
    RETURN	shift, and go to state 39
    INT 	shift, and go to state 4

    stmt	go to state 139
    atribuicao	go to state 41
    id  	go to state 42
    declaracao	go to state 43
    condicao	go to state 44
    repeticao	go to state 45
    retorno	go to state 46
    chamada_funcao	go to state 47
    tipo	go to state 48
    lei_esc	go to state 49



state 139

    stmt  ->  stmt . declaracao lb   (rule 8)
    stmt  ->  stmt . chamada_funcao lb   (rule 9)
    stmt  ->  stmt . atribuicao lb   (rule 10)
    stmt  ->  stmt . lei_esc lb   (rule 11)
    stmt  ->  stmt . condicao lb   (rule 12)
    stmt  ->  stmt . repeticao lb   (rule 13)
    stmt  ->  stmt . retorno   (rule 14)
    condicao  ->  IF expressao THEN lb stmt ELSE lb stmt . END   (rule 46)

    ID  	shift, and go to state 17
    IF  	shift, and go to state 35
    END 	shift, and go to state 140
    REPEAT	shift, and go to state 36
    FLOAT	shift, and go to state 2
    VOID	shift, and go to state 3
    READ	shift, and go to state 37
    WRITE	shift, and go to state 38
    RETURN	shift, and go to state 39
    INT 	shift, and go to state 4

    atribuicao	go to state 70
    id  	go to state 42
    declaracao	go to state 71
    condicao	go to state 72
    repeticao	go to state 73
    retorno	go to state 74
    chamada_funcao	go to state 75
    tipo	go to state 48
    lei_esc	go to state 76



state 140

    condicao  ->  IF expressao THEN lb stmt ELSE lb stmt END .   (rule 46)

    $default	reduce using rule 46 (condicao)



state 141

    $   	go to state 142



state 142

    $   	go to state 143



state 143

    $default	accept
